Incardcerate2/Library/Bee/Android/Prj/IL2CPP/Gradle/launcher/build/intermediates/manifest_merge_blame_file/release/processReleaseMainManifest/manifest-merger-blame-release-report.txt
1<?xml version="1.0" encoding="utf-8"?>
2<manifest xmlns:android="http://schemas.android.com/apk/res/android"
3    package="com.UnityTechnologies.com.unity.template.urpblank"
4    android:installLocation="preferExternal"
5    android:versionCode="1"
6    android:versionName="0.1.0" >
7
8    <uses-sdk
9        android:minSdkVersion="24"
10        android:targetSdkVersion="36" />
11
12    <supports-screens
12-->src/main/AndroidManifest.xml:4:3-163
13        android:anyDensity="true"
13-->src/main/AndroidManifest.xml:4:135-160
14        android:largeScreens="true"
14-->src/main/AndroidManifest.xml:4:78-105
15        android:normalScreens="true"
15-->src/main/AndroidManifest.xml:4:49-77
16        android:smallScreens="true"
16-->src/main/AndroidManifest.xml:4:21-48
17        android:xlargeScreens="true" />
17-->src/main/AndroidManifest.xml:4:106-134
18
19    <uses-permission android:name="android.permission.INTERNET" />
19-->[:unityLibrary] AndroidManifest.xml:8:5-67
19-->[:unityLibrary] AndroidManifest.xml:8:22-64
20
21    <uses-feature android:glEsVersion="0x00030000" />
21-->[:unityLibrary] AndroidManifest.xml:10:5-54
21-->[:unityLibrary] AndroidManifest.xml:10:19-51
22    <uses-feature
22-->[:unityLibrary] AndroidManifest.xml:11:5-13:36
23        android:name="android.hardware.vulkan.version"
23-->[:unityLibrary] AndroidManifest.xml:12:9-55
24        android:required="false" />
24-->[:unityLibrary] AndroidManifest.xml:13:9-33
25    <uses-feature
25-->[:unityLibrary] AndroidManifest.xml:14:5-16:36
26        android:name="android.hardware.touchscreen"
26-->[:unityLibrary] AndroidManifest.xml:15:9-52
27        android:required="false" />
27-->[:unityLibrary] AndroidManifest.xml:16:9-33
28    <uses-feature
28-->[:unityLibrary] AndroidManifest.xml:17:5-19:36
29        android:name="android.hardware.touchscreen.multitouch"
29-->[:unityLibrary] AndroidManifest.xml:18:9-63
30        android:required="false" />
30-->[:unityLibrary] AndroidManifest.xml:19:9-33
31    <uses-feature
31-->[:unityLibrary] AndroidManifest.xml:20:5-22:36
32        android:name="android.hardware.touchscreen.multitouch.distinct"
32-->[:unityLibrary] AndroidManifest.xml:21:9-72
33        android:required="false" />
33-->[:unityLibrary] AndroidManifest.xml:22:9-33
34
35    <uses-permission android:name="com.oculus.permission.HAND_TRACKING" />
35-->[:unityLibrary] AndroidManifest.xml:24:5-75
35-->[:unityLibrary] AndroidManifest.xml:24:22-72
36
37    <uses-feature
37-->[:unityLibrary] AndroidManifest.xml:26:5-28:36
38        android:name="oculus.software.handtracking"
38-->[:unityLibrary] AndroidManifest.xml:27:9-52
39        android:required="false" />
39-->[:unityLibrary] AndroidManifest.xml:28:9-33
40
41    <uses-permission android:name="org.khronos.openxr.permission.OPENXR" />
41-->[:openxr_loader:] AndroidManifest.xml:13:3-74
41-->[:openxr_loader:] AndroidManifest.xml:13:20-71
42    <uses-permission android:name="org.khronos.openxr.permission.OPENXR_SYSTEM" />
42-->[:openxr_loader:] AndroidManifest.xml:14:3-81
42-->[:openxr_loader:] AndroidManifest.xml:14:20-78
43
44    <queries>
44-->[:openxr_loader:] AndroidManifest.xml:16:3-27:13
45
46        <!-- to talk to the broker -->
47        <provider android:authorities="org.khronos.openxr.runtime_broker;org.khronos.openxr.system_runtime_broker" />
47-->[:openxr_loader:] AndroidManifest.xml:18:5-114
47-->[:openxr_loader:] AndroidManifest.xml:18:15-111
48
49        <!-- so client-side code of runtime/layers can talk to their service sides -->
50        <intent>
50-->[:openxr_loader:] AndroidManifest.xml:21:5-23:14
51            <action android:name="org.khronos.openxr.OpenXRRuntimeService" />
51-->[:openxr_loader:] AndroidManifest.xml:22:7-72
51-->[:openxr_loader:] AndroidManifest.xml:22:15-69
52        </intent>
53        <intent>
53-->[:openxr_loader:] AndroidManifest.xml:24:5-26:14
54            <action android:name="org.khronos.openxr.OpenXRApiLayerService" />
54-->[:openxr_loader:] AndroidManifest.xml:25:7-73
54-->[:openxr_loader:] AndroidManifest.xml:25:15-70
55        </intent>
56    </queries>
57
58    <uses-feature
58-->[:unityLibrary:xrmanifest.androidlib] AndroidManifest.xml:7:5-10:31
59        android:name="android.hardware.vr.headtracking"
59-->[:unityLibrary:xrmanifest.androidlib] AndroidManifest.xml:8:9-56
60        android:required="true"
60-->[:unityLibrary:xrmanifest.androidlib] AndroidManifest.xml:9:9-32
61        android:version="1" />
61-->[:unityLibrary:xrmanifest.androidlib] AndroidManifest.xml:10:9-28
62    <uses-feature
62-->[:unityLibrary:xrmanifest.androidlib] AndroidManifest.xml:11:5-13:35
63        android:name="oculus.software.eye_tracking"
63-->[:unityLibrary:xrmanifest.androidlib] AndroidManifest.xml:12:9-52
64        android:required="true" />
64-->[:unityLibrary:xrmanifest.androidlib] AndroidManifest.xml:13:9-32
65
66    <uses-permission android:name="com.oculus.permission.EYE_TRACKING" />
66-->[:unityLibrary:xrmanifest.androidlib] AndroidManifest.xml:15:5-74
66-->[:unityLibrary:xrmanifest.androidlib] AndroidManifest.xml:15:22-71
67
68    <permission
68-->[androidx.core:core:1.9.0] AndroidManifest.xml:22:5-24:47
69        android:name="com.UnityTechnologies.com.unity.template.urpblank.DYNAMIC_RECEIVER_NOT_EXPORTED_PERMISSION"
69-->[androidx.core:core:1.9.0] AndroidManifest.xml:23:9-81
70        android:protectionLevel="signature" />
70-->[androidx.core:core:1.9.0] AndroidManifest.xml:24:9-44
71
72    <uses-permission android:name="com.UnityTechnologies.com.unity.template.urpblank.DYNAMIC_RECEIVER_NOT_EXPORTED_PERMISSION" />
72-->[androidx.core:core:1.9.0] AndroidManifest.xml:26:5-97
72-->[androidx.core:core:1.9.0] AndroidManifest.xml:26:22-94
73
74    <application
74-->src/main/AndroidManifest.xml:3:3-83
75        android:appComponentFactory="androidx.core.app.CoreComponentFactory"
75-->[androidx.core:core:1.9.0] AndroidManifest.xml:28:18-86
76        android:enableOnBackInvokedCallback="true"
76-->[:unityLibrary] AndroidManifest.xml:31:9-51
77        android:extractNativeLibs="true"
78        android:icon="@mipmap/app_icon"
78-->src/main/AndroidManifest.xml:3:16-47
79        android:label="@string/app_name" >
79-->src/main/AndroidManifest.xml:3:48-80
80        <meta-data
80-->[:unityLibrary] AndroidManifest.xml:33:9-35:33
81            android:name="unity.splash-mode"
81-->[:unityLibrary] AndroidManifest.xml:34:13-45
82            android:value="0" />
82-->[:unityLibrary] AndroidManifest.xml:35:13-30
83        <meta-data
83-->[:unityLibrary] AndroidManifest.xml:36:9-38:36
84            android:name="unity.splash-enable"
84-->[:unityLibrary] AndroidManifest.xml:37:13-47
85            android:value="True" />
85-->[:unityLibrary] AndroidManifest.xml:38:13-33
86        <meta-data
86-->[:unityLibrary] AndroidManifest.xml:39:9-41:36
87            android:name="unity.launch-fullscreen"
87-->[:unityLibrary] AndroidManifest.xml:40:13-51
88            android:value="True" />
88-->[:unityLibrary] AndroidManifest.xml:41:13-33
89        <meta-data
89-->[:unityLibrary] AndroidManifest.xml:42:9-44:36
90            android:name="unity.render-outside-safearea"
90-->[:unityLibrary] AndroidManifest.xml:43:13-57
91            android:value="True" />
91-->[:unityLibrary] AndroidManifest.xml:44:13-33
92        <meta-data
92-->[:unityLibrary] AndroidManifest.xml:45:9-47:50
93            android:name="notch.config"
93-->[:unityLibrary] AndroidManifest.xml:46:13-40
94            android:value="portrait|landscape" />
94-->[:unityLibrary] AndroidManifest.xml:47:13-47
95        <meta-data
95-->[:unityLibrary] AndroidManifest.xml:48:9-50:36
96            android:name="unity.auto-report-fully-drawn"
96-->[:unityLibrary] AndroidManifest.xml:49:13-57
97            android:value="true" />
97-->[:unityLibrary] AndroidManifest.xml:50:13-33
98        <meta-data
98-->[:unityLibrary] AndroidManifest.xml:51:9-53:36
99            android:name="unity.auto-set-game-state"
99-->[:unityLibrary] AndroidManifest.xml:52:13-53
100            android:value="true" />
100-->[:unityLibrary] AndroidManifest.xml:53:13-33
101        <meta-data
101-->[:unityLibrary] AndroidManifest.xml:54:9-56:36
102            android:name="unity.strip-engine-code"
102-->[:unityLibrary] AndroidManifest.xml:55:13-51
103            android:value="true" />
103-->[:unityLibrary] AndroidManifest.xml:56:13-33
104
105        <activity
105-->[:unityLibrary] AndroidManifest.xml:58:9-95:20
106            android:name="com.unity3d.player.UnityPlayerGameActivity"
106-->[:unityLibrary] AndroidManifest.xml:59:13-70
107            android:configChanges="mcc|mnc|locale|touchscreen|keyboard|keyboardHidden|navigation|orientation|screenLayout|uiMode|screenSize|smallestScreenSize|fontScale|layoutDirection|density"
107-->[:unityLibrary] AndroidManifest.xml:60:13-194
108            android:enabled="true"
108-->[:unityLibrary] AndroidManifest.xml:61:13-35
109            android:exported="true"
109-->[:unityLibrary] AndroidManifest.xml:62:13-36
110            android:hardwareAccelerated="false"
110-->[:unityLibrary] AndroidManifest.xml:63:13-48
111            android:launchMode="singleTask"
111-->[:unityLibrary] AndroidManifest.xml:64:13-44
112            android:resizeableActivity="true"
112-->[:unityLibrary] AndroidManifest.xml:65:13-46
113            android:screenOrientation="fullUser"
113-->[:unityLibrary] AndroidManifest.xml:66:13-49
114            android:theme="@style/BaseUnityGameActivityTheme" >
114-->[:unityLibrary] AndroidManifest.xml:67:13-62
115            <intent-filter>
115-->[:unityLibrary] AndroidManifest.xml:68:13-74:29
116                <category android:name="android.intent.category.LAUNCHER" />
116-->[:unityLibrary] AndroidManifest.xml:69:17-77
116-->[:unityLibrary] AndroidManifest.xml:69:27-74
117
118                <action android:name="android.intent.action.MAIN" />
118-->[:unityLibrary] AndroidManifest.xml:71:17-69
118-->[:unityLibrary] AndroidManifest.xml:71:25-66
119
120                <category android:name="com.oculus.intent.category.VR" />
120-->[:unityLibrary] AndroidManifest.xml:73:17-74
120-->[:unityLibrary] AndroidManifest.xml:73:27-71
121            </intent-filter>
122
123            <meta-data
123-->[:unityLibrary] AndroidManifest.xml:76:13-78:40
124                android:name="unityplayer.UnityActivity"
124-->[:unityLibrary] AndroidManifest.xml:77:17-57
125                android:value="true" />
125-->[:unityLibrary] AndroidManifest.xml:78:17-37
126            <meta-data
126-->[:unityLibrary] AndroidManifest.xml:79:13-81:40
127                android:name="android.app.lib_name"
127-->[:unityLibrary] AndroidManifest.xml:80:17-52
128                android:value="game" />
128-->[:unityLibrary] AndroidManifest.xml:81:17-37
129            <meta-data
129-->[:unityLibrary] AndroidManifest.xml:82:13-84:71
130                android:name="WindowManagerPreference:FreeformWindowSize"
130-->[:unityLibrary] AndroidManifest.xml:83:17-74
131                android:value="@string/FreeformWindowSize_maximize" />
131-->[:unityLibrary] AndroidManifest.xml:84:17-68
132            <meta-data
132-->[:unityLibrary] AndroidManifest.xml:85:13-87:79
133                android:name="WindowManagerPreference:FreeformWindowOrientation"
133-->[:unityLibrary] AndroidManifest.xml:86:17-81
134                android:value="@string/FreeformWindowOrientation_landscape" />
134-->[:unityLibrary] AndroidManifest.xml:87:17-76
135            <meta-data
135-->[:unityLibrary] AndroidManifest.xml:88:13-90:40
136                android:name="notch_support"
136-->[:unityLibrary] AndroidManifest.xml:89:17-45
137                android:value="true" />
137-->[:unityLibrary] AndroidManifest.xml:90:17-37
138
139            <layout
139-->[:unityLibrary] AndroidManifest.xml:92:13-94:44
140                android:minHeight="300px"
140-->[:unityLibrary] AndroidManifest.xml:93:17-42
141                android:minWidth="400px" />
141-->[:unityLibrary] AndroidManifest.xml:94:17-41
142
143            <meta-data
143-->[:unityLibrary:xrmanifest.androidlib] AndroidManifest.xml:21:13-23:40
144                android:name="com.oculus.vr.focusaware"
144-->[:unityLibrary:xrmanifest.androidlib] AndroidManifest.xml:22:17-56
145                android:value="true" />
145-->[:unityLibrary:xrmanifest.androidlib] AndroidManifest.xml:23:17-37
146        </activity>
147
148        <meta-data
148-->[:unityLibrary:xrmanifest.androidlib] AndroidManifest.xml:26:9-28:67
149            android:name="com.oculus.supportedDevices"
149-->[:unityLibrary:xrmanifest.androidlib] AndroidManifest.xml:27:13-55
150            android:value="quest|quest2|cambria|eureka|quest3s" />
150-->[:unityLibrary:xrmanifest.androidlib] AndroidManifest.xml:28:13-64
151
152        <provider
152-->[androidx.emoji2:emoji2:1.2.0] AndroidManifest.xml:24:9-32:20
153            android:name="androidx.startup.InitializationProvider"
153-->[androidx.emoji2:emoji2:1.2.0] AndroidManifest.xml:25:13-67
154            android:authorities="com.UnityTechnologies.com.unity.template.urpblank.androidx-startup"
154-->[androidx.emoji2:emoji2:1.2.0] AndroidManifest.xml:26:13-68
155            android:exported="false" >
155-->[androidx.emoji2:emoji2:1.2.0] AndroidManifest.xml:27:13-37
156            <meta-data
156-->[androidx.emoji2:emoji2:1.2.0] AndroidManifest.xml:29:13-31:52
157                android:name="androidx.emoji2.text.EmojiCompatInitializer"
157-->[androidx.emoji2:emoji2:1.2.0] AndroidManifest.xml:30:17-75
158                android:value="androidx.startup" />
158-->[androidx.emoji2:emoji2:1.2.0] AndroidManifest.xml:31:17-49
159            <meta-data
159-->[androidx.lifecycle:lifecycle-process:2.4.1] AndroidManifest.xml:31:13-33:52
160                android:name="androidx.lifecycle.ProcessLifecycleInitializer"
160-->[androidx.lifecycle:lifecycle-process:2.4.1] AndroidManifest.xml:32:17-78
161                android:value="androidx.startup" />
161-->[androidx.lifecycle:lifecycle-process:2.4.1] AndroidManifest.xml:33:17-49
162        </provider>
163    </application>
164
165</manifest>